packages/gradle-bio/gradle_bio-0.1.0-py3-none-any.whl/gradle_bio_projects/5 intents/ToggleBetweenActivities/app/build/intermediates/manifest_merge_blame_file/debug/manifest-merger-blame-debug-report.txt
1<?xml version="1.0" encoding="utf-8"?>
2<manifest xmlns:android="http://schemas.android.com/apk/res/android"
3    package="com.example.togglebetweenactivities"
4    android:versionCode="1"
5    android:versionName="1.0" >
6
7    <uses-sdk
8        android:minSdkVersion="21"
8-->src/main/AndroidManifest.xml
9        android:targetSdkVersion="32" />
9-->src/main/AndroidManifest.xml
10
11    <application
11-->src/main/AndroidManifest.xml:5:5-35:19
12        android:allowBackup="true"
12-->src/main/AndroidManifest.xml:6:9-35
13        android:appComponentFactory="android.support.v4.app.CoreComponentFactory"
13-->[com.android.support:support-compat:28.0.0] AndroidManifest.xml:22:18-91
14        android:dataExtractionRules="@xml/data_extraction_rules"
14-->src/main/AndroidManifest.xml:7:9-65
15        android:debuggable="true"
16        android:fullBackupContent="@xml/backup_rules"
16-->src/main/AndroidManifest.xml:8:9-54
17        android:icon="@mipmap/ic_launcher"
17-->src/main/AndroidManifest.xml:9:9-43
18        android:label="@string/app_name"
18-->src/main/AndroidManifest.xml:10:9-41
19        android:roundIcon="@mipmap/ic_launcher_round"
19-->src/main/AndroidManifest.xml:11:9-54
20        android:supportsRtl="true"
20-->src/main/AndroidManifest.xml:12:9-35
21        android:testOnly="true"
22        android:theme="@style/Theme.ToggleBetweenActivities" >
22-->src/main/AndroidManifest.xml:13:9-61
23        <activity
23-->src/main/AndroidManifest.xml:15:9-21:20
24            android:name="com.example.togglebetweenactivities.MainActivity2"
24-->src/main/AndroidManifest.xml:16:13-42
25            android:exported="false" >
25-->src/main/AndroidManifest.xml:17:13-37
26            <meta-data
26-->src/main/AndroidManifest.xml:18:13-20:36
27                android:name="android.app.lib_name"
27-->src/main/AndroidManifest.xml:19:17-52
28                android:value="" />
28-->src/main/AndroidManifest.xml:20:17-33
29        </activity>
30        <activity
30-->src/main/AndroidManifest.xml:22:9-34:20
31            android:name="com.example.togglebetweenactivities.MainActivity"
31-->src/main/AndroidManifest.xml:23:13-41
32            android:exported="true" >
32-->src/main/AndroidManifest.xml:24:13-36
33            <intent-filter>
33-->src/main/AndroidManifest.xml:25:13-29:29
34                <action android:name="android.intent.action.MAIN" />
34-->src/main/AndroidManifest.xml:26:17-69
34-->src/main/AndroidManifest.xml:26:25-66
35
36                <category android:name="android.intent.category.LAUNCHER" />
36-->src/main/AndroidManifest.xml:28:17-77
36-->src/main/AndroidManifest.xml:28:27-74
37            </intent-filter>
38
39            <meta-data
39-->src/main/AndroidManifest.xml:18:13-20:36
40                android:name="android.app.lib_name"
40-->src/main/AndroidManifest.xml:19:17-52
41                android:value="" />
41-->src/main/AndroidManifest.xml:20:17-33
42        </activity>
43    </application>
44
45</manifest>